"C:\Program Files\JetBrains\CLion 2020.3\bin\cmake\win\bin\cmake.exe" -DCMAKE_BUILD_TYPE=Debug -G "CodeBlocks - MinGW Makefiles" D:\Лабы\Второй_курс\С++_1\Лабораторная_2
-- The C compiler identification is GNU 8.1.0
-- The CXX compiler identification is GNU 8.1.0
-- Check for working C compiler: C:/Program Files/mingw-w64/x86_64-8.1.0-posix-seh-rt_v6-rev0/mingw64/bin/gcc.exe
-- Check for working C compiler: C:/Program Files/mingw-w64/x86_64-8.1.0-posix-seh-rt_v6-rev0/mingw64/bin/gcc.exe - broken
CMake Error at C:/Program Files/JetBrains/CLion 2020.3/bin/cmake/win/share/cmake-3.17/Modules/CMakeTestCCompiler.cmake:60 (message):
  The C compiler

    "C:/Program Files/mingw-w64/x86_64-8.1.0-posix-seh-rt_v6-rev0/mingw64/bin/gcc.exe"

  is not able to compile a simple test program.

  It fails with the following output:

    Change Dir: D:/Р›Р°Р±С‹/Р’С‚РѕСЂРѕР№_РєСѓСЂСЃ/РЎ++_1/Р›Р°Р±РѕСЂР°С‚РѕСЂРЅР°СЏ_2/cmake-build-debug/CMakeFiles/CMakeTmp
    
    Run Build Command(s):C:/PROGRA~1/MINGW-~1/X86_64~1.0-P/mingw64/bin/mingw32-make.exe cmTC_3b9d0/fast && C:/PROGRA~1/MINGW-~1/X86_64~1.0-P/mingw64/bin/mingw32-make.exe  -f CMakeFiles\cmTC_3b9d0.dir\build.make CMakeFiles/cmTC_3b9d0.dir/build
    mingw32-make.exe[1]: Entering directory 'D:/в•¦СЂСЃв€љ/в”¬Р„СЋРЃСЋС‰_СЉС”РЃС‘/в•¤++_1/в•¦СЂСЃСЋРЃСЂР„СЋРЃСЌСЂВ _2/cmake-build-debug/CMakeFiles/CMakeTmp'
    Building C object CMakeFiles/cmTC_3b9d0.dir/testCCompiler.c.obj
    C:\PROGRA~1\MINGW-~1\X86_64~1.0-P\mingw64\bin\gcc.exe    -o CMakeFiles\cmTC_3b9d0.dir\testCCompiler.c.obj   -c D:\в•ЁР«в•Ёв–‘в•Ёв–’в•¤Р›\в•ЁРўв•¤Р’в•Ёв•›в•¤Рђв•Ёв•›в•Ёв•Ј_в•Ёв•‘в•¤Р“в•¤Рђв•¤Р‘\в•ЁР±++_1\в•ЁР«в•Ёв–‘в•Ёв–’в•Ёв•›в•¤Рђв•Ёв–‘в•¤Р’в•Ёв•›в•¤Рђв•Ёв•њв•Ёв–‘в•¤Рџ_2\cmake-build-debug\CMakeFiles\CMakeTmp\testCCompiler.c
    gcc.exe: error: D:\в•ЁР«в•Ёв–‘в•Ёв–’в•¤Р›\в•ЁРўв•¤Р’в•Ёв•›в•¤Рђв•Ёв•›в•Ёв•Ј_в•Ёв•‘в•¤Р“в•¤Рђв•¤Р‘\в•ЁР±++_1\в•ЁР«в•Ёв–‘в•Ёв–’в•Ёв•›в•¤Рђв•Ёв–‘в•¤Р’в•Ёв•›в•¤Рђв•Ёв•њв•Ёв–‘в•¤Рџ_2\cmake-build-debug\CMakeFiles\CMakeTmp\testCCompiler.c: No such file or directory
    gcc.exe: fatal error: no input files
    compilation terminated.
    mingw32-make.exe[1]: *** [CMakeFiles\cmTC_3b9d0.dir\build.make:85: CMakeFiles/cmTC_3b9d0.dir/testCCompiler.c.obj] Error 1
    mingw32-make.exe[1]: Leaving directory 'D:/в•¦СЂСЃв€љ/в”¬Р„СЋРЃСЋС‰_СЉС”РЃС‘/в•¤++_1/в•¦СЂСЃСЋРЃСЂР„СЋРЃСЌСЂВ _2/cmake-build-debug/CMakeFiles/CMakeTmp'
    mingw32-make.exe: *** [Makefile:140: cmTC_3b9d0/fast] Error 2
    
    

  

  CMake will not be able to correctly generate this project.
Call Stack (most recent call first):
  CMakeLists.txt:2 (project)


-- Configuring incomplete, errors occurred!
See also "D:/Р›Р°Р±С‹/Р’С‚РѕСЂРѕР№_РєСѓСЂСЃ/РЎ++_1/Р›Р°Р±РѕСЂР°С‚РѕСЂРЅР°СЏ_2/cmake-build-debug/CMakeFiles/CMakeOutput.log".
See also "D:/Р›Р°Р±С‹/Р’С‚РѕСЂРѕР№_РєСѓСЂСЃ/РЎ++_1/Р›Р°Р±РѕСЂР°С‚РѕСЂРЅР°СЏ_2/cmake-build-debug/CMakeFiles/CMakeError.log".
